Demos/build/outputs/logs/manifest-merger-debug-report.txt
-- Merging decision tree log ---
manifest
ADDED from src\main\AndroidManifest.xml:2:1-83:12
	package
		ADDED from src\main\AndroidManifest.xml:3:5-42
	android:versionName
		ADDED from src\main\AndroidManifest.xml:5:5-30
		INJECTED from src\main\AndroidManifest.xml
		INJECTED from src\main\AndroidManifest.xml
	android:versionCode
		ADDED from src\main\AndroidManifest.xml:4:5-28
		INJECTED from src\main\AndroidManifest.xml
		INJECTED from src\main\AndroidManifest.xml
	xmlns:android
		ADDED from src\main\AndroidManifest.xml:2:11-69
uses-feature#android.hardware.bluetooth_le
ADDED from src\main\AndroidManifest.xml:20:5-22:35
MERGED from [:estimote-sdk-preview:] AndroidManifest.xml:16:5-18:36
	android:required
		ADDED from src\main\AndroidManifest.xml:22:9-32
	android:name
		ADDED from src\main\AndroidManifest.xml:21:9-53
uses-permission#android.permission.WRITE_EXTERNAL_STORAGE
ADDED from src\main\AndroidManifest.xml:24:5-81
	android:name
		ADDED from src\main\AndroidManifest.xml:24:22-78
application
ADDED from src\main\AndroidManifest.xml:26:5-81:19
MERGED from [:estimote-sdk-preview:] AndroidManifest.xml:20:5-24:19
	android:label
		ADDED from src\main\AndroidManifest.xml:29:9-39
	android:icon
		ADDED from src\main\AndroidManifest.xml:28:9-37
	android:theme
		ADDED from src\main\AndroidManifest.xml:30:9-56
	android:name
		ADDED from src\main\AndroidManifest.xml:27:9-41
activity#com.estimote.examples.demos.activities.AllDemosActivity
ADDED from src\main\AndroidManifest.xml:31:9-41:20
	android:screenOrientation
		ADDED from src\main\AndroidManifest.xml:35:13-49
	android:label
		ADDED from src\main\AndroidManifest.xml:34:13-43
	android:gravity
		ADDED from src\main\AndroidManifest.xml:33:13-37
	android:name
		ADDED from src\main\AndroidManifest.xml:32:13-56
intent-filter#android.intent.action.MAIN+android.intent.category.LAUNCHER
ADDED from src\main\AndroidManifest.xml:36:13-40:29
action#android.intent.action.MAIN
ADDED from src\main\AndroidManifest.xml:37:17-69
	android:name
		ADDED from src\main\AndroidManifest.xml:37:25-66
category#android.intent.category.LAUNCHER
ADDED from src\main\AndroidManifest.xml:39:17-77
	android:name
		ADDED from src\main\AndroidManifest.xml:39:27-74
activity#com.estimote.examples.demos.activities.ListBeaconsActivity
ADDED from src\main\AndroidManifest.xml:42:9-45:52
	android:screenOrientation
		ADDED from src\main\AndroidManifest.xml:45:13-49
	android:label
		ADDED from src\main\AndroidManifest.xml:44:13-42
	android:name
		ADDED from src\main\AndroidManifest.xml:43:13-59
activity#com.estimote.examples.demos.activities.ListNearablesActivity
ADDED from src\main\AndroidManifest.xml:46:9-49:52
	android:screenOrientation
		ADDED from src\main\AndroidManifest.xml:49:13-49
	android:label
		ADDED from src\main\AndroidManifest.xml:48:13-42
	android:name
		ADDED from src\main\AndroidManifest.xml:47:13-61
activity#com.estimote.examples.demos.activities.DistanceBeaconActivity
ADDED from src\main\AndroidManifest.xml:50:9-53:52
	android:screenOrientation
		ADDED from src\main\AndroidManifest.xml:53:13-49
	android:label
		ADDED from src\main\AndroidManifest.xml:52:13-42
	android:name
		ADDED from src\main\AndroidManifest.xml:51:13-62
activity#com.estimote.examples.demos.activities.NotifyDemoActivity
ADDED from src\main\AndroidManifest.xml:54:9-57:52
	android:screenOrientation
		ADDED from src\main\AndroidManifest.xml:57:13-49
	android:label
		ADDED from src\main\AndroidManifest.xml:56:13-40
	android:name
		ADDED from src\main\AndroidManifest.xml:55:13-58
activity#com.estimote.examples.demos.activities.CharacteristicsDemoActivity
ADDED from src\main\AndroidManifest.xml:58:9-61:52
	android:screenOrientation
		ADDED from src\main\AndroidManifest.xml:61:13-49
	android:label
		ADDED from src\main\AndroidManifest.xml:60:13-49
	android:name
		ADDED from src\main\AndroidManifest.xml:59:13-67
activity#com.estimote.examples.demos.activities.UpdateDemoActivity
ADDED from src\main\AndroidManifest.xml:62:9-65:52
	android:screenOrientation
		ADDED from src\main\AndroidManifest.xml:65:13-49
	android:label
		ADDED from src\main\AndroidManifest.xml:64:13-49
	android:name
		ADDED from src\main\AndroidManifest.xml:63:13-58
activity#com.estimote.examples.demos.activities.NearablesDemoActivity
ADDED from src\main\AndroidManifest.xml:66:9-69:52
	android:screenOrientation
		ADDED from src\main\AndroidManifest.xml:69:13-49
	android:label
		ADDED from src\main\AndroidManifest.xml:68:13-43
	android:name
		ADDED from src\main\AndroidManifest.xml:67:13-61
activity#com.estimote.examples.demos.activities.DisplayBinLog
ADDED from src\main\AndroidManifest.xml:77:9-80:20
	android:label
		ADDED from src\main\AndroidManifest.xml:79:13-67
	android:name
		ADDED from src\main\AndroidManifest.xml:78:13-53
uses-sdk
INJECTED from src\main\AndroidManifest.xml reason: use-sdk injection requested
MERGED from [:estimote-sdk-preview:] AndroidManifest.xml:7:5-43
	android:minSdkVersion
		INJECTED from src\main\AndroidManifest.xml
		INJECTED from src\main\AndroidManifest.xml
uses-permission#android.permission.BLUETOOTH
ADDED from [:estimote-sdk-preview:] AndroidManifest.xml:10:5-68
	android:name
		ADDED from [:estimote-sdk-preview:] AndroidManifest.xml:10:22-65
uses-permission#android.permission.BLUETOOTH_ADMIN
ADDED from [:estimote-sdk-preview:] AndroidManifest.xml:11:5-74
	android:name
		ADDED from [:estimote-sdk-preview:] AndroidManifest.xml:11:22-71
uses-permission#android.permission.INTERNET
ADDED from [:estimote-sdk-preview:] AndroidManifest.xml:13:5-67
	android:name
		ADDED from [:estimote-sdk-preview:] AndroidManifest.xml:13:22-64
uses-permission#android.permission.ACCESS_NETWORK_STATE
ADDED from [:estimote-sdk-preview:] AndroidManifest.xml:14:5-79
	android:name
		ADDED from [:estimote-sdk-preview:] AndroidManifest.xml:14:22-76
service#com.estimote.sdk.service.BeaconService
ADDED from [:estimote-sdk-preview:] AndroidManifest.xml:21:9-23:40
	android:exported
		ADDED from [:estimote-sdk-preview:] AndroidManifest.xml:23:13-37
	android:name
		ADDED from [:estimote-sdk-preview:] AndroidManifest.xml:22:13-66